1346283593|dangolo|A|z1c9z/c60mnz9/c60mq32/c60pjs6
1346271072|joshuaglynn|A|z1c9z/c60mnz9/c60mq32
1346479648|Im1ToThe337|A|z1c9z/c60mnz9/c60nc6s/c60puiw/c60rg4j/c60rlkl/c60uljp/c61u13l
1346308913|RobbieGee|A|z1c9z/c60mnz9/c60nc6s/c60puiw/c60rg4j/c60rlkl/c60uljp
1346359156|nightwing2024|A|z1c9z/c60mnz9/c60nc6s/c60puiw/c60rg4j/c60rlkl/c60vmej/c613uqw/c6147w4
1346357817|norwegianwood90|A|z1c9z/c60mnz9/c60nc6s/c60puiw/c60rg4j/c60rlkl/c60vmej/c613uqw
1346317760|nightwing2024|A|z1c9z/c60mnz9/c60nc6s/c60puiw/c60rg4j/c60rlkl/c60vmej
1346292821|GESTICULATING_WILDLY|A|z1c9z/c60mnz9/c60nc6s/c60puiw/c60rg4j/c60rlkl
1346311615|The_Tic-Tac_Kid|A|z1c9z/c60mnz9/c60nc6s/c60puiw/c60rg4j/c60usj1/c60uyf0
1346310350|feynmanwithtwosticks|A|z1c9z/c60mnz9/c60nc6s/c60puiw/c60rg4j/c60usj1
1346292172|Dudester_XCIC|A|z1c9z/c60mnz9/c60nc6s/c60puiw/c60rg4j
1346344872|HappyonaShelf|A|z1c9z/c60mnz9/c60nc6s/c60puiw/c60ri9r/c610b08
1346292432|mrkamikaze5|A|z1c9z/c60mnz9/c60nc6s/c60puiw/c60ri9r
1346284868|Thithyphuth|A|z1c9z/c60mnz9/c60nc6s/c60puiw
1346274523|Drithyin|A|z1c9z/c60mnz9/c60nc6s/c60noje
1346272938|PresidentObama|A|z1c9z/c60mnz9/c60nc6s
1346270883|suzmerk|A|z1c9z/c60mnz9
1346275034|zeekjr|A|z1c9z/c60mnv3/c60nseh
1346432740|Free_Apples|A|z1c9z/c60mnv3/c60pf8m/c616pqt/c61ixbi
1346369248|redditisfun|A|z1c9z/c60mnv3/c60pf8m/c616pqt
1346364193|Brillians|A|z1c9z/c60mnv3/c60pf8m/c60w4oo/c615i9x
1346360991|m4tchb0x|A|z1c9z/c60mnv3/c60pf8m/c60w4oo/c614pet
1346366076|ahel|A|z1c9z/c60mnv3/c60pf8m/c60w4oo/c615ymi
1346323098|TheOnlyKc|A|z1c9z/c60mnv3/c60pf8m/c60w4oo
1346283034|caaThrowaway|A|z1c9z/c60mnv3/c60pf8m
1346350365|DaGetz|A|z1c9z/c60mnv3/c60mxt4/c60wfya/c60zjvk/c611sxe
1346341995|ryanmich|A|z1c9z/c60mnv3/c60mxt4/c60wfya/c60zjvk
1346326003|DaGetz|A|z1c9z/c60mnv3/c60mxt4/c60wfya
1346271686|ryanmich|A|z1c9z/c60mnv3/c60mxt4
1346270869|nookrulz|A|z1c9z/c60mnv3
1346374254|PopsicleJane14|A|z1c9z/c60o0iw/c60q4ga/c617x1j
1346286093|aleowk|A|z1c9z/c60o0iw/c60q4ga
1346453870|IameAuhSomme|A|z1c9z/c60o0iw/c60pmox/c60qa15/c60s57i/c60t31r/c610f07/c615pyf/c61oio9
1346365089|solakin|A|z1c9z/c60o0iw/c60pmox/c60qa15/c60s57i/c60t31r/c610f07/c615pyf
1346370948|T_Miller|A|z1c9z/c60o0iw/c60pmox/c60qa15/c60s57i/c60t31r/c610f07/c6174td
1346345278|Zeroe|A|z1c9z/c60o0iw/c60pmox/c60qa15/c60s57i/c60t31r/c610f07
1346504644|rlweb|A|z1c9z/c60o0iw/c60pmox/c60qa15/c60s57i/c60t31r/c61w3lz
1346533013|cjcahir|A|z1c9z/c60o0iw/c60pmox/c60qa15/c60s57i/c60t31r/c621q0l
1346299518|I_Will_Allow_This|A|z1c9z/c60o0iw/c60pmox/c60qa15/c60s57i/c60t31r
1346295179|pescetto|A|z1c9z/c60o0iw/c60pmox/c60qa15/c60s57i
1346291120|Audaxx|A|z1c9z/c60o0iw/c60pmox/c60qa15/c60r7d7
1346287023|4TEHSWARM|A|z1c9z/c60o0iw/c60pmox/c60qa15
1346297596|goodknee|A|z1c9z/c60o0iw/c60pmox/c60pnka/c60py4i/c60qgat/c60rjjm/c60soix
1346299152|wote89|A|z1c9z/c60o0iw/c60pmox/c60pnka/c60py4i/c60qgat/c60rjjm/c60t09m
1346292584|ActuallyNotRetarded|A|z1c9z/c60o0iw/c60pmox/c60pnka/c60py4i/c60qgat/c60rjjm
1346299371|MorsoesTorso|A|z1c9z/c60o0iw/c60pmox/c60pnka/c60py4i/c60qgat/c60t1xh
1346287846|oreng|A|z1c9z/c60o0iw/c60pmox/c60pnka/c60py4i/c60qgat
1346311018|Badger68|A|z1c9z/c60o0iw/c60pmox/c60pnka/c60py4i/c60qi4z/c60qk8x/c60uvtc
1346395896|muntoo|A|z1c9z/c60o0iw/c60pmox/c60pnka/c60py4i/c60qi4z/c60qk8x/c61cnnk
1346288339|ParticipleDangler|A|z1c9z/c60o0iw/c60pmox/c60pnka/c60py4i/c60qi4z/c60qk8x
1346288074|fixessaxes|A|z1c9z/c60o0iw/c60pmox/c60pnka/c60py4i/c60qi4z
1346285307|wote89|A|z1c9z/c60o0iw/c60pmox/c60pnka/c60py4i
1346290824|Biinaryy|A|z1c9z/c60o0iw/c60pmox/c60pnka/c60r4yu
1346284044|lJustAlexl|A|z1c9z/c60o0iw/c60pmox/c60pnka
1346301303|JBRedditBeard|A|z1c9z/c60o0iw/c60pmox/c60qdkp/c60tef4
1346287493|dbcanuck|A|z1c9z/c60o0iw/c60pmox/c60qdkp
1346283938|delmar15|A|z1c9z/c60o0iw/c60pmox
1346286564|Festral|A|z1c9z/c60o0iw/c60q6zi
1346276659|Biinaryy|A|z1c9z/c60o0iw
1346391256|twenty_minutes_late|A|z1c9z/c60mmg8/c60n8iu/c60nj24/c60u7e1/c60xky2/c61bum3
1346333552|SteelCrossx|A|z1c9z/c60mmg8/c60n8iu/c60nj24/c60u7e1/c60xky2
1346348132|foolsmagools|A|z1c9z/c60mmg8/c60n8iu/c60nj24/c60u7e1/c60uj99/c61170c
1346308441|pirateg3cko|A|z1c9z/c60mmg8/c60n8iu/c60nj24/c60u7e1/c60uj99
1346349232|ipodapplebitter|A|z1c9z/c60mmg8/c60n8iu/c60nj24/c60u7e1/c611htk
1346306204|PTSDave|A|z1c9z/c60mmg8/c60n8iu/c60nj24/c60u7e1
1346380081|TheAdAgency|A|z1c9z/c60mmg8/c60n8iu/c60nj24/c60xyt3/c619bgn
1346335380|Schemeratic|A|z1c9z/c60mmg8/c60n8iu/c60nj24/c60xyt3
1346273802|mrautomatic17|A|z1c9z/c60mmg8/c60n8iu/c60nj24
1346360287|Alucard783|A|z1c9z/c60mmg8/c60n8iu/c60nmi8/c60okyh/c614itj
1346279201|ToastyRaichu|A|z1c9z/c60mmg8/c60n8iu/c60nmi8/c60okyh
1346360256|Alucard783|A|z1c9z/c60mmg8/c60n8iu/c60nmi8/c614ihu
1346274258|semioriginality|A|z1c9z/c60mmg8/c60n8iu/c60nmi8
1346272559|PresidentObama|A|z1c9z/c60mmg8/c60n8iu
1346273078|thelordofcheese|A|z1c9z/c60mmg8/c60mse9/c60mui8/c60ndfb
1346326041|CookieDoughCooter|A|z1c9z/c60mmg8/c60mse9/c60mui8/c60rwdb/c60swbr/c60wg42
1346298639|FifthSurprise|A|z1c9z/c60mmg8/c60mse9/c60mui8/c60rwdb/c60swbr
1346294108|CookieDoughCooter|A|z1c9z/c60mmg8/c60mse9/c60mui8/c60rwdb
1346271426|FifthSurprise|A|z1c9z/c60mmg8/c60mse9/c60mui8
1346362540|mi_nombre_es_ricardo|A|z1c9z/c60mmg8/c60mse9/c6153lf
1346271259|thelordofcheese|A|z1c9z/c60mmg8/c60mse9
1346270738|FifthSurprise|A|z1c9z/c60mmg8
1346271204|rickdabunny|A|z1c9z/c60mrnu
1346350773|abdomino|A|z1c9z/c60mlwx/c60n24k/c60p9rn/c60s3qz/c611snw/c611x14
1346947784|dude187|A|z1c9z/c60mlwx/c60n24k/c60p9rn/c60s3qz/c611snw/c618gge/c61t0or/c63ey2g/c63mzs4/c63scvl/c641zyn/c64c363
1346892249|dakta|A|z1c9z/c60mlwx/c60n24k/c60p9rn/c60s3qz/c611snw/c618gge/c61t0or/c63ey2g/c63mzs4/c63scvl/c641zyn
1346855796|dude187|A|z1c9z/c60mlwx/c60n24k/c60p9rn/c60s3qz/c611snw/c618gge/c61t0or/c63ey2g/c63mzs4/c63scvl
1346819067|dakta|A|z1c9z/c60mlwx/c60n24k/c60p9rn/c60s3qz/c611snw/c618gge/c61t0or/c63ey2g/c63mzs4
1346787709|dude187|A|z1c9z/c60mlwx/c60n24k/c60p9rn/c60s3qz/c611snw/c618gge/c61t0or/c63ey2g
1346474208|dakta|A|z1c9z/c60mlwx/c60n24k/c60p9rn/c60s3qz/c611snw/c618gge/c61t0or
1346376530|MorDeCaza|A|z1c9z/c60mlwx/c60n24k/c60p9rn/c60s3qz/c611snw/c618gge
1346350341|thingandstuff|A|z1c9z/c60mlwx/c60n24k/c60p9rn/c60s3qz/c611snw
1346331764|mahdroo|A|z1c9z/c60mlwx/c60n24k/c60p9rn/c60s3qz/c60vawr/c60x90i
1346314594|I_want_fun|A|z1c9z/c60mlwx/c60n24k/c60p9rn/c60s3qz/c60vawr
1346605737|cjsks|A|z1c9z/c60mlwx/c60n24k/c60p9rn/c60s3qz/c613vbr/c614azc/c62e7jl
1346359479|abdomino|A|z1c9z/c60mlwx/c60n24k/c60p9rn/c60s3qz/c613vbr/c614azc
1346357876|WEAREGRID|A|z1c9z/c60mlwx/c60n24k/c60p9rn/c60s3qz/c613vbr
1346331738|skoobmeister|A|z1c9z/c60mlwx/c60n24k/c60p9rn/c60s3qz/c60x8uo
1346332169|Ghengis-Khunt|A|z1c9z/c60mlwx/c60n24k/c60p9rn/c60s3qz/c60x92g/c60xanr/c60xbj0
1346332028|abdomino|A|z1c9z/c60mlwx/c60n24k/c60p9rn/c60s3qz/c60x92g/c60xanr
1346331771|Ghengis-Khunt|A|z1c9z/c60mlwx/c60n24k/c60p9rn/c60s3qz/c60x92g
1346418792|Dark_Souls|A|z1c9z/c60mlwx/c60n24k/c60p9rn/c60s3qz/c61exug/c61fdyo/c61fei4
1346418705|abdomino|A|z1c9z/c60mlwx/c60n24k/c60p9rn/c60s3qz/c61exug/c61fdyo
1346415940|Dark_Souls|A|z1c9z/c60mlwx/c60n24k/c60p9rn/c60s3qz/c61exug
1346329583|ToLongDR|A|z1c9z/c60mlwx/c60n24k/c60p9rn/c60s3qz/c60wwds
1346348962|abdomino|A|z1c9z/c60mlwx/c60n24k/c60p9rn/c60s3qz/c6118g6/c611f59
1346348280|muntoo|A|z1c9z/c60mlwx/c60n24k/c60p9rn/c60s3qz/c6118g6
1346346960|AskObama|A|z1c9z/c60mlwx/c60n24k/c60p9rn/c60s3qz/c610vht
1346295003|abdomino|A|z1c9z/c60mlwx/c60n24k/c60p9rn/c60s3qz
1346311461|ENTP|A|z1c9z/c60mlwx/c60n24k/c60p9rn/c60t1d9/c60uw10/c60uxqv
1346311069|ueptvoovtpeu|A|z1c9z/c60mlwx/c60n24k/c60p9rn/c60t1d9/c60uw10
1346299295|TeLoStrunz|A|z1c9z/c60mlwx/c60n24k/c60p9rn/c60t1d9
1346312393|LoveGentleman|A|z1c9z/c60mlwx/c60n24k/c60p9rn/c60v1ym
1346348637|Rafoie|A|z1c9z/c60mlwx/c60n24k/c60p9rn/c60xr9p/c611bxl
1346453011|AskObama|A|z1c9z/c60mlwx/c60n24k/c60p9rn/c60xr9p/c61obte
1346334405|Eheaubaut|A|z1c9z/c60mlwx/c60n24k/c60p9rn/c60xr9p
1346314584|nothewhiz696|A|z1c9z/c60mlwx/c60n24k/c60p9rn/c60vav3
1346324256|jk01|A|z1c9z/c60mlwx/c60n24k/c60p9rn/c60syy2/c60w208/c60w94p
1346322364|__circle|A|z1c9z/c60mlwx/c60n24k/c60p9rn/c60syy2/c60w208
1346298980|jk01|A|z1c9z/c60mlwx/c60n24k/c60p9rn/c60syy2
1346326553|Z4ppy|A|z1c9z/c60mlwx/c60n24k/c60p9rn/c60vdfp/c60wi90
1346315250|PinkSlimeIsPeople|A|z1c9z/c60mlwx/c60n24k/c60p9rn/c60vdfp
1346428509|The_Red_Egg1|A|z1c9z/c60mlwx/c60n24k/c60p9rn/c60y8mk/c616w9f/c61hqtu
1346369967|PossiblyTheDoctor|A|z1c9z/c60mlwx/c60n24k/c60p9rn/c60y8mk/c616w9f
1346336890|The_Red_Egg1|A|z1c9z/c60mlwx/c60n24k/c60p9rn/c60y8mk
1346321720|Asshole_Nord|A|z1c9z/c60mlwx/c60n24k/c60p9rn/c60vzqa
1346321927|CornFedHonky|A|z1c9z/c60mlwx/c60n24k/c60p9rn/c60w0gu
1346335176|xanderpo|A|z1c9z/c60mlwx/c60n24k/c60p9rn/c60xx5g
1346335702|steveboutin|A|z1c9z/c60mlwx/c60n24k/c60p9rn/c60y1ee
1346335972|putin_my_ass|A|z1c9z/c60mlwx/c60n24k/c60p9rn/c60y3fv
1346343559|Rainbow_spam|A|z1c9z/c60mlwx/c60n24k/c60p9rn/c60zyfc
1346346491|ShuxDC|A|z1c9z/c60mlwx/c60n24k/c60p9rn/c610qwe
1346348355|32Dog|A|z1c9z/c60mlwx/c60n24k/c60p9rn/c611972
1346352848|troyv21|A|z1c9z/c60mlwx/c60n24k/c60p9rn/c612icx
1346390652|Krasher30|A|z1c9z/c60mlwx/c60n24k/c60p9rn/c6135f0/c61486f/c61bqj7
1346359186|AskObama|A|z1c9z/c60mlwx/c60n24k/c60p9rn/c6135f0/c61486f
1346355225|Krasher30|A|z1c9z/c60mlwx/c60n24k/c60p9rn/c6135f0
1346361108|falconfetus8|A|z1c9z/c60mlwx/c60n24k/c60p9rn/c614qh1
1346452884|ObamasEmptyChair|A|z1c9z/c60mlwx/c60n24k/c60p9rn/c61oaqk
1346370147|PossiblyTheDoctor|A|z1c9z/c60mlwx/c60n24k/c60p9rn/c60yz69/c60z7p8/c611173/c613k5r/c614p9z/c616xu6
1346427225|MrChurchSir|A|z1c9z/c60mlwx/c60n24k/c60p9rn/c60yz69/c60z7p8/c611173/c613k5r/c614p9z/c61at4l/c61hdoc
1346386263|Rnway|A|z1c9z/c60mlwx/c60n24k/c60p9rn/c60yz69/c60z7p8/c611173/c613k5r/c614p9z/c61at4l
1346360977|MrChurchSir|A|z1c9z/c60mlwx/c60n24k/c60p9rn/c60yz69/c60z7p8/c611173/c613k5r/c614p9z
1346356725|Rnway|A|z1c9z/c60mlwx/c60n24k/c60p9rn/c60yz69/c60z7p8/c611173/c613k5r
1346347541|MrChurchSir|A|z1c9z/c60mlwx/c60n24k/c60p9rn/c60yz69/c60z7p8/c611173
1346340714|Rnway|A|z1c9z/c60mlwx/c60n24k/c60p9rn/c60yz69/c60z7p8
1346339865|MrChurchSir|A|z1c9z/c60mlwx/c60n24k/c60p9rn/c60yz69
1346282372|AskObama|A|z1c9z/c60mlwx/c60n24k/c60p9rn
1346297097|macro4life|A|z1c9z/c60mlwx/c60n24k/c60n421/c60nc3v/c60skuv
1346339281|gunghofriends|A|z1c9z/c60mlwx/c60n24k/c60n421/c60nc3v/c60yt9m
1346272929|kirillian|A|z1c9z/c60mlwx/c60n24k/c60n421/c60nc3v
1346304484|fiction8|A|z1c9z/c60mlwx/c60n24k/c60n421/c60ojz0/c60tvhm/c60tx9a
1346304202|RealityIsMyReligion|A|z1c9z/c60mlwx/c60n24k/c60n421/c60ojz0/c60tvhm
1346279076|fiction8|A|z1c9z/c60mlwx/c60n24k/c60n421/c60ojz0
1346286825|ced1106|A|z1c9z/c60mlwx/c60n24k/c60n421/c60q8km
1346290996|greytyrecolour|A|z1c9z/c60mlwx/c60n24k/c60n421/c60o0d7/c60r6eo
1346276637|Benburn|A|z1c9z/c60mlwx/c60n24k/c60n421/c60o0d7
1346291945|xenxes|A|z1c9z/c60mlwx/c60n24k/c60n421/c60rebz
1346280125|doomducks|A|z1c9z/c60mlwx/c60n24k/c60n421/c60ossu
1346285159|sblinn|A|z1c9z/c60mlwx/c60n24k/c60n421/c60ocp5/c60pwx1
1346278207|pintomp3|A|z1c9z/c60mlwx/c60n24k/c60n421/c60ocp5
1346292519|polypx|A|z1c9z/c60mlwx/c60n24k/c60n421/c60rj0b
1346296826|MoppingUpYourSalt|A|z1c9z/c60mlwx/c60n24k/c60n421/c60sins
1346299450|The_Auryn|A|z1c9z/c60mlwx/c60n24k/c60n421/c60t2jb
1346300762|NSView|A|z1c9z/c60mlwx/c60n24k/c60n421/c60tc7v
1346322900|SuperWaljer|A|z1c9z/c60mlwx/c60n24k/c60n421/c60w3yd
1346327202|Scrooge_McDuck90|A|z1c9z/c60mlwx/c60n24k/c60n421/c60wl0h
1346274875|allthemoreforthat|A|z1c9z/c60mlwx/c60n24k/c60n421/c60nr8w
1346272169|asperous|A|z1c9z/c60mlwx/c60n24k/c60n421
1346309322|joebbowers|A|z1c9z/c60mlwx/c60n24k/c60prwc/c60unie
1346305146|dahknee|A|z1c9z/c60mlwx/c60n24k/c60prwc/c60u186
1346318160|justcallmetrouble|A|z1c9z/c60mlwx/c60n24k/c60prwc/c60vnrx
1346335587|keepthepace|A|z1c9z/c60mlwx/c60n24k/c60prwc/c60tdrj/c60y0h1
1346301038|duck97|A|z1c9z/c60mlwx/c60n24k/c60prwc/c60tdrj
1346284561|keepthepace|A|z1c9z/c60mlwx/c60n24k/c60prwc
1346363609|w2tpmf|A|z1c9z/c60mlwx/c60n24k/c60n3qi/c60nppw/c60srfj/c60ti1u/c6145r1/c6155nk/c615d79
1346362767|DoctorBarbie89|A|z1c9z/c60mlwx/c60n24k/c60n3qi/c60nppw/c60srfj/c60ti1u/c6145r1/c6155nk
1346358936|w2tpmf|A|z1c9z/c60mlwx/c60n24k/c60n3qi/c60nppw/c60srfj/c60ti1u/c6145r1
1346302005|DoctorBarbie89|A|z1c9z/c60mlwx/c60n24k/c60n3qi/c60nppw/c60srfj/c60ti1u
1346297981|kittywitch9|A|z1c9z/c60mlwx/c60n24k/c60n3qi/c60nppw/c60srfj
1346298196|Sidetracking|A|z1c9z/c60mlwx/c60n24k/c60n3qi/c60nppw/c60st2i
1346274671|MogusMaximus|A|z1c9z/c60mlwx/c60n24k/c60n3qi/c60nppw
1346294318|quillman|A|z1c9z/c60mlwx/c60n24k/c60n3qi/c60nex2/c60ry3n
1346273256|thefarcus|A|z1c9z/c60mlwx/c60n24k/c60n3qi/c60nex2
1346279271|IAmAtomato|A|z1c9z/c60mlwx/c60n24k/c60n3qi/c60oll0
1346286204|SUDDENLY_MSPAINT|A|z1c9z/c60mlwx/c60n24k/c60n3qi/c60q5bn
1346273160|kaitypoo|A|z1c9z/c60mlwx/c60n24k/c60n3qi/c60ne4j
1346290246|TomServoHere|A|z1c9z/c60mlwx/c60n24k/c60n3qi/c60r050
1346273214|LastInitial|A|z1c9z/c60mlwx/c60n24k/c60n3qi/c60nelb
1346273317|daznificent|A|z1c9z/c60mlwx/c60n24k/c60n3qi/c60nfdy
1346273377|Scarecrow89|A|z1c9z/c60mlwx/c60n24k/c60n3qi/c60nfuf
1346273432|SebbenandSebben|A|z1c9z/c60mlwx/c60n24k/c60n3qi/c60ng9r
1346273440|jordan_terry|A|z1c9z/c60mlwx/c60n24k/c60n3qi/c60ngbx
1346274110|lolasian23|A|z1c9z/c60mlwx/c60n24k/c60n3qi/c60nlcq
1346275196|pathetichumans|A|z1c9z/c60mlwx/c60n24k/c60n3qi/c60ntky
1346275402|Zeldr|A|z1c9z/c60mlwx/c60n24k/c60n3qi/c60nuvb
1346276128|Zeldr|A|z1c9z/c60mlwx/c60n24k/c60n3qi/c60nwys
1346276491|indianthane95|A|z1c9z/c60mlwx/c60n24k/c60n3qi/c60nzch
1346276804|IsThisWhereANameGoes|A|z1c9z/c60mlwx/c60n24k/c60n3qi/c60o1nn
1346277270|C625v12|A|z1c9z/c60mlwx/c60n24k/c60n3qi/c60o583
1346272142|ordinaryrendition|A|z1c9z/c60mlwx/c60n24k/c60n3qi
1346288679|ARCHA1C|A|z1c9z/c60mlwx/c60n24k/c60n58u/c60nf40/c60ogm8/c60qn2a
1346311578|Cyberslasher|A|z1c9z/c60mlwx/c60n24k/c60n58u/c60nf40/c60ogm8/c60uy91
1346278688|wagstagsthird|A|z1c9z/c60mlwx/c60n24k/c60n58u/c60nf40/c60ogm8
1346281988|defdav|A|z1c9z/c60mlwx/c60n24k/c60n58u/c60nf40/c60p6pm
1346279667|theypullyouunder|A|z1c9z/c60mlwx/c60n24k/c60n58u/c60nf40/c60ooyh
1346279955|foodnaptime|A|z1c9z/c60mlwx/c60n24k/c60n58u/c60nf40/c60orew
1346346965|Damasticator|A|z1c9z/c60mlwx/c60n24k/c60n58u/c60nf40/c60uhcp/c610vk8
1346308070|Dolgrim|A|z1c9z/c60mlwx/c60n24k/c60n58u/c60nf40/c60uhcp
1346289447|spinlock|A|z1c9z/c60mlwx/c60n24k/c60n58u/c60nf40/c60qtfl
1346281559|kernelhappy|A|z1c9z/c60mlwx/c60n24k/c60n58u/c60nf40/c60p3c0
1346273282|Damasticator|A|z1c9z/c60mlwx/c60n24k/c60n58u/c60nf40
1346283235|CoCo26|A|z1c9z/c60mlwx/c60n24k/c60n58u/c60pb1d/c60pgwb
1346282529|ceaselesslyborne|A|z1c9z/c60mlwx/c60n24k/c60n58u/c60pb1d
1346276027|seolfor|A|z1c9z/c60mlwx/c60n24k/c60n58u/c60nfs8/c60nn1l/c60nwh8
1346274330|Ginnigan|A|z1c9z/c60mlwx/c60n24k/c60n58u/c60nfs8/c60nn1l
1346273369|[deleted]|A|z1c9z/c60mlwx/c60n24k/c60n58u/c60nfs8
1346272267|CoCo26|A|z1c9z/c60mlwx/c60n24k/c60n58u
1346272154|Monosynchron|A|z1c9z/c60mlwx/c60n24k/c60n3vq
1346272608|skiingbeing|A|z1c9z/c60mlwx/c60n24k/c60n91h
1346286261|philreeduk|A|z1c9z/c60mlwx/c60n24k/c60q5mu
1346272692|Luc20|A|z1c9z/c60mlwx/c60n24k/c60n9w2
1346276224|zimm3rmann|A|z1c9z/c60mlwx/c60n24k/c60nxj5
1346286222|el_polar_bear|A|z1c9z/c60mlwx/c60n24k/c60q5gu
1346294020|TomDionesotes|A|z1c9z/c60mlwx/c60n24k/c60rvnh
1346285305|sblinn|A|z1c9z/c60mlwx/c60n24k/c60poas/c60py3y
1346284137|DaemonFC|A|z1c9z/c60mlwx/c60n24k/c60poas
1346279678|my_Tanzkarte_is_full|A|z1c9z/c60mlwx/c60n24k/c60op1n
1346285263|MasterLJ|A|z1c9z/c60mlwx/c60n24k/c60pxro
1346272423|dr00min|A|z1c9z/c60mlwx/c60n24k/c60n72m
1346272467|riyadhelalami|A|z1c9z/c60mlwx/c60n24k/c60n7ku
1346272545|daktulos|A|z1c9z/c60mlwx/c60n24k/c60n8d9
1346272550|Ballistrophobia|A|z1c9z/c60mlwx/c60n24k/c60n8f8
1346272557|TrolleyPower|A|z1c9z/c60mlwx/c60n24k/c60n8i1
1346272563|sozialabfall|A|z1c9z/c60mlwx/c60n24k/c60n8kg
1346272563|CareForceOne|A|z1c9z/c60mlwx/c60n24k/c60n8kk
1346272632|dsnchntd|A|z1c9z/c60mlwx/c60n24k/c60n9az
1346272634|Semen-Logistics|A|z1c9z/c60mlwx/c60n24k/c60n9bs
1346272649|graziemille|A|z1c9z/c60mlwx/c60n24k/c60n9h1
1346272719|Wernicke|A|z1c9z/c60mlwx/c60n24k/c60na4v
1346272751|skripklubbin|A|z1c9z/c60mlwx/c60n24k/c60nage
1346272771|rajpaj|A|z1c9z/c60mlwx/c60n24k/c60naol
1346272779|AttackTheMoon|A|z1c9z/c60mlwx/c60n24k/c60naqa
1346272786|BobLobLawsLawBlawg|A|z1c9z/c60mlwx/c60n24k/c60nat6
1346272823|HX_Flash|A|z1c9z/c60mlwx/c60n24k/c60nb5n
1346272899|untrustableskeptic|A|z1c9z/c60mlwx/c60n24k/c60nbuo
1346272904|nohiddenmeaning|A|z1c9z/c60mlwx/c60n24k/c60nbw4
1346272905|Zarkx|A|z1c9z/c60mlwx/c60n24k/c60nbwq
1346272910|denthar|A|z1c9z/c60mlwx/c60n24k/c60nbxu
1346273021|jmdtova|A|z1c9z/c60mlwx/c60n24k/c60ncwt
1346273060|reddust174|A|z1c9z/c60mlwx/c60n24k/c60nda0
1346273203|cardamomgirl10|A|z1c9z/c60mlwx/c60n24k/c60nehv
1346273242|ikurumba|A|z1c9z/c60mlwx/c60n24k/c60nesl
1346273315|HazardousPeach|A|z1c9z/c60mlwx/c60n24k/c60nfdl
1346273318|a-priori|A|z1c9z/c60mlwx/c60n24k/c60nfei
1346273327|drbarber|A|z1c9z/c60mlwx/c60n24k/c60nfgo
1346273337|Rewpington|A|z1c9z/c60mlwx/c60n24k/c60nfjr
1346273505|LarryNozowitz|A|z1c9z/c60mlwx/c60n24k/c60ngtu
1346273510|hannarulz|A|z1c9z/c60mlwx/c60n24k/c60ngvl
1346273546|ravenpride|A|z1c9z/c60mlwx/c60n24k/c60nh54
1346274215|dobervich|A|z1c9z/c60mlwx/c60n24k/c60nm60
1346274415|RawdogginRandos|A|z1c9z/c60mlwx/c60n24k/c60nnqk
1346274480|cerebrallawlzy|A|z1c9z/c60mlwx/c60n24k/c60no84
1346274548|deeweezul|A|z1c9z/c60mlwx/c60n24k/c60nor5
1346274634|mortalkonlaw|A|z1c9z/c60mlwx/c60n24k/c60npf4
1346275000|crazecl1p|A|z1c9z/c60mlwx/c60n24k/c60ns65
1346275176|juma606|A|z1c9z/c60mlwx/c60n24k/c60ntfq
1346275410|City_Wok|A|z1c9z/c60mlwx/c60n24k/c60nuwo
1346275584|City_Wok|A|z1c9z/c60mlwx/c60n24k/c60nvkb
1346276162|MrUncreativeMan|A|z1c9z/c60mlwx/c60n24k/c60nx5i
1346276616|Jakeyh|A|z1c9z/c60mlwx/c60n24k/c60o07j
1346276802|crookers|A|z1c9z/c60mlwx/c60n24k/c60o1mw
1346277334|Faryshta|A|z1c9z/c60mlwx/c60n24k/c60o5r1
1346277898|Sometimes_Sober|A|z1c9z/c60mlwx/c60n24k/c60oa8w
1346278235|Rokey76|A|z1c9z/c60mlwx/c60n24k/c60ocxl
1346278679|bl1ndf0ld|A|z1c9z/c60mlwx/c60n24k/c60ogjt
1346279513|skrillexisokay|A|z1c9z/c60mlwx/c60n24k/c60onn2
1346279676|ObeseMoreece|A|z1c9z/c60mlwx/c60n24k/c60op1b
1346279701|Sparta_Warrior_70|A|z1c9z/c60mlwx/c60n24k/c60op8q
1346280003|rosavseveryone|A|z1c9z/c60mlwx/c60n24k/c60oru4
1346280199|ThatJew|A|z1c9z/c60mlwx/c60n24k/c60otd0
1346281210|ImSorryIm13YearsOld|A|z1c9z/c60mlwx/c60n24k/c60p0jy
1346281243|meltown|A|z1c9z/c60mlwx/c60n24k/c60p0tv
1346282686|mattwilliams06|A|z1c9z/c60mlwx/c60n24k/c60pcbi
1346283718|LazerSquid|A|z1c9z/c60mlwx/c60n24k/c60pkvb
1346285433|The_4th_Little_Pig|A|z1c9z/c60mlwx/c60n24k/c60pz3v
1346286714|designerfx|A|z1c9z/c60mlwx/c60n24k/c60q7v6
1346286945|drsatan1|A|z1c9z/c60mlwx/c60n24k/c60q9ez
1346287977|srh91|A|z1c9z/c60mlwx/c60n24k/c60qhdt
1346288027|danipolo|A|z1c9z/c60mlwx/c60n24k/c60qhr9
1346288245|JustDroppedInTo|A|z1c9z/c60mlwx/c60n24k/c60qjht
1346288262|Unsinkable|A|z1c9z/c60mlwx/c60n24k/c60qjma
1346288989|Marilsanya|A|z1c9z/c60mlwx/c60n24k/c60qplb
1346348348|Rafoie|A|z1c9z/c60mlwx/c60n24k/c60qs8d/c61194r
1346289308|[deleted]|A|z1c9z/c60mlwx/c60n24k/c60qs8d
1346290173|Liq|A|z1c9z/c60mlwx/c60n24k/c60qzhx
1346291578|SaintGenesius|A|z1c9z/c60mlwx/c60n24k/c60rb6u
1346294839|zipongj|A|z1c9z/c60mlwx/c60n24k/c60s2eh
1346296362|xxcYyLOnexx|A|z1c9z/c60mlwx/c60n24k/c60sewr
1346297676|hidemefromtheothers|A|z1c9z/c60mlwx/c60n24k/c60sp4q
1346297917|Blueangel911|A|z1c9z/c60mlwx/c60n24k/c60sqz5
1346300531|helpmefindnemo5|A|z1c9z/c60mlwx/c60n24k/c60tak8
1346305434|NaitsirkC|A|z1c9z/c60mlwx/c60n24k/c60u2xn
1346306881|doriiit|A|z1c9z/c60mlwx/c60n24k/c60ub4v
1346313500|thats_how_you_cook|A|z1c9z/c60mlwx/c60n24k/c60v6ly
1346326660|ShamAbram|A|z1c9z/c60mlwx/c60n24k/c60wip9
1346336940|Zarknord|A|z1c9z/c60mlwx/c60n24k/c60y91v
1346337227|RobertLWright|A|z1c9z/c60mlwx/c60n24k/c60ybb6
1346345614|indefinicy|A|z1c9z/c60mlwx/c60n24k/c610ia1
1346348982|Oldlostsoul|A|z1c9z/c60mlwx/c60n24k/c611fce
1346353893|oxencotten|A|z1c9z/c60mlwx/c60n24k/c612sf9
1346363396|tocool4mysocks|A|z1c9z/c60mlwx/c60n24k/c615bag
1346367538|mr3dguy|A|z1c9z/c60mlwx/c60n24k/c616baj
1346548685|Llort3|A|z1c9z/c60mlwx/c60n24k/c6251o0
1346272848|LastInitial|A|z1c9z/c60mlwx/c60n24k/c60n3to/c60nbed
1346272900|Mumrik|A|z1c9z/c60mlwx/c60n24k/c60n3to/c60nbv6
1346272930|ectric|A|z1c9z/c60mlwx/c60n24k/c60n3to/c60nc4c
1346272971|benpg93|A|z1c9z/c60mlwx/c60n24k/c60n3to/c60nchn
1346273016|skattyadz|A|z1c9z/c60mlwx/c60n24k/c60n3to/c60ncvc
1346273054|rdssassin|A|z1c9z/c60mlwx/c60n24k/c60n3to/c60nd7c
1346273063|jonjopop|A|z1c9z/c60mlwx/c60n24k/c60n3to/c60ndam
1346273072|PurpleUrkle|A|z1c9z/c60mlwx/c60n24k/c60n3to/c60ndd8
1346273507|LastInitial|A|z1c9z/c60mlwx/c60n24k/c60n3to/c60nguh
1346272707|ANewMachine615|A|z1c9z/c60mlwx/c60n24k/c60n3to/c60na0y
1346272149|dsfargegherpderp|A|z1c9z/c60mlwx/c60n24k/c60n3to
1346272018|PresidentObama|A|z1c9z/c60mlwx/c60n24k
1346270686|SharkGirl|A|z1c9z/c60mlwx
1346282362|yourfaceyourass|A|z1c9z/c60mooz/c60p9ot
1346291860|blackandgould|A|z1c9z/c60mooz/c60rdmy
1346270945|ormirian|A|z1c9z/c60mooz
1346441680|Nico_the_Narwhal|A|z1c9z/c60n1p7/c60n92k/c614i5k/c61lfjg
1346360223|nooneelse|A|z1c9z/c60n1p7/c60n92k/c614i5k
1346272610|FormerlyEAbernathy|A|z1c9z/c60n1p7/c60n92k
1346351478|doomdonation|A|z1c9z/c60n1p7/c6124bx
1346444762|akira_fmx|A|z1c9z/c60n1p7/c610fi6/c610ojg/c610uy1/c610zqm/c611mtc/c611wox/c61278i/c613jdc/c6146mu/c6160p5/c61m9j3
1346366305|fleetber|A|z1c9z/c60n1p7/c610fi6/c610ojg/c610uy1/c610zqm/c611mtc/c611wox/c61278i/c613jdc/c6146mu/c6160p5
1346359029|JohnnyDan22|A|z1c9z/c60n1p7/c610fi6/c610ojg/c610uy1/c610zqm/c611mtc/c611wox/c61278i/c613jdc/c6146mu
1346356643|akira_fmx|A|z1c9z/c60n1p7/c610fi6/c610ojg/c610uy1/c610zqm/c611mtc/c611wox/c61278i/c613jdc
1346351746|FinderOfNemo|A|z1c9z/c60n1p7/c610fi6/c610ojg/c610uy1/c610zqm/c611mtc/c611wox/c61278i
1346350742|Cus_Im_A_Timelord|A|z1c9z/c60n1p7/c610fi6/c610ojg/c610uy1/c610zqm/c611mtc/c611wox
1346349744|Jorgemeister|A|z1c9z/c60n1p7/c610fi6/c610ojg/c610uy1/c610zqm/c611mtc
1346347392|the_recluse|A|z1c9z/c60n1p7/c610fi6/c610ojg/c610uy1/c610zqm
1346346904|TheDarkDoctor|A|z1c9z/c60n1p7/c610fi6/c610ojg/c610uy1
1346346250|Black_Apalachi|A|z1c9z/c60n1p7/c610fi6/c610ojg
1346347276|dt25|A|z1c9z/c60n1p7/c610fi6/c610mis/c610ylp
1346346041|greasedonkey|A|z1c9z/c60n1p7/c610fi6/c610mis
1346345327|TheCornbread|A|z1c9z/c60n1p7/c610fi6
1346349452|iceward|A|z1c9z/c60n1p7/c611k0w
1346351289|_Chantastic_|A|z1c9z/c60n1p7/c6122bs
1346271984|Reaverax|A|z1c9z/c60n1p7
1346288806|WillSnipeForPie|A|z1c9z/c60qibh/c60qo45
1346288097|Natural_Karma_Police|A|z1c9z/c60qibh
1346404132|gunnersfan21|A|z1c9z/c60mrkr/c60q2dm/c614xyw/c61doke
1346361928|moush|A|z1c9z/c60mrkr/c60q2dm/c614xyw
1346285840|RedtheIrish|A|z1c9z/c60mrkr/c60q2dm
1346271195|Tropist|A|z1c9z/c60mrkr
1346344543|Rokki_Sunshine|A|z1c9z/c60mmm6/c60mubo/c60s1ki/c60ujnc/c60ypb8/c60zo3g/c6107t0
1346342451|GreatLookingGuy|A|z1c9z/c60mmm6/c60mubo/c60s1ki/c60ujnc/c60ypb8/c60zo3g
1346338859|Rokki_Sunshine|A|z1c9z/c60mmm6/c60mubo/c60s1ki/c60ujnc/c60ypb8
1346337832|rick_flair_chop|A|z1c9z/c60mmm6/c60mubo/c60s1ki/c60ujnc/c60xpyf/c60ygcf
1346338429|I_am_the_Werewolf|A|z1c9z/c60mmm6/c60mubo/c60s1ki/c60ujnc/c60xpyf/c60ylgg
1346374906|GreatLookingGuy|A|z1c9z/c60mmm6/c60mubo/c60s1ki/c60ujnc/c60xpyf/c60zliv/c617gua/c6182kh
1346372375|SpinozaDiego|A|z1c9z/c60mmm6/c60mubo/c60s1ki/c60ujnc/c60xpyf/c60zliv/c617gua
1346342177|GreatLookingGuy|A|z1c9z/c60mmm6/c60mubo/c60s1ki/c60ujnc/c60xpyf/c60zliv
1346334234|Ashlynnkay95|A|z1c9z/c60mmm6/c60mubo/c60s1ki/c60ujnc/c60xpyf
1346308525|GreatLookingGuy|A|z1c9z/c60mmm6/c60mubo/c60s1ki/c60ujnc
1346294735|Cruel_cruel_cruel|A|z1c9z/c60mmm6/c60mubo/c60s1ki
1346319304|Nyrb|A|z1c9z/c60mmm6/c60mubo/c60ngqo/c60vrot
1346273495|sml6174|A|z1c9z/c60mmm6/c60mubo/c60ngqo
1346287774|GreatLookingGuy|A|z1c9z/c60mmm6/c60mubo/c60q7jy/c60qfro
1346286664|pyrkne|A|z1c9z/c60mmm6/c60mubo/c60q7jy
1346279656|mhweaver|A|z1c9z/c60mmm6/c60mubo/c60n9am/c60oov6
1346272630|GMBeats95|A|z1c9z/c60mmm6/c60mubo/c60n9am
1346271412|GreatLookingGuy|A|z1c9z/c60mmm6/c60mubo
1346270754|JrMint|A|z1c9z/c60mmm6
1346367770|TechnoL33T|A|z1c9z/c60mkfj/c60mow4/c60pcj5/c60pek1/c616d7a
1346282958|demaney|A|z1c9z/c60mkfj/c60mow4/c60pcj5/c60pek1
1346311797|Cyberslasher|A|z1c9z/c60mkfj/c60mow4/c60pcj5/c60uz8f
1346282712|AJER_AJER|A|z1c9z/c60mkfj/c60mow4/c60pcj5
1346272199|Thekidmagic|A|z1c9z/c60mkfj/c60mow4/c60mqgi/c60n4ex
1346271104|yishan|A|z1c9z/c60mkfj/c60mow4/c60mqgi
1346284296|PeopleofYouTube|A|z1c9z/c60mkfj/c60mow4/c60ppov
1346270964|demaney|A|z1c9z/c60mkfj/c60mow4
1346271392|Jemeramy|A|z1c9z/c60mkfj/c60mnqd/c60mpn4/c60mu2e
1346271031|jomsie|A|z1c9z/c60mkfj/c60mnqd/c60mpn4
1346270861|qkk|A|z1c9z/c60mkfj/c60mnqd
1346313994|skcin7|A|z1c9z/c60mkfj/c60ml8m/c60mvp4/c60neux/c60pdiw/c60qkdi/c60uhpn/c60unfz/c60upcl/c60v8ky
1346311857|Cyberslasher|A|z1c9z/c60mkfj/c60ml8m/c60mvp4/c60neux/c60pdiw/c60qkdi/c60uhpn/c60unfz/c60upcl/c60uzhz
1346313800|alphanovember|A|z1c9z/c60mkfj/c60ml8m/c60mvp4/c60neux/c60pdiw/c60qkdi/c60uhpn/c60unfz/c60upcl/c60v7tr
1346309697|plexiff|A|z1c9z/c60mkfj/c60ml8m/c60mvp4/c60neux/c60pdiw/c60qkdi/c60uhpn/c60unfz/c60upcl
1346309305|skcin7|A|z1c9z/c60mkfj/c60ml8m/c60mvp4/c60neux/c60pdiw/c60qkdi/c60uhpn/c60unfz
1346308135|plexiff|A|z1c9z/c60mkfj/c60ml8m/c60mvp4/c60neux/c60pdiw/c60qkdi/c60uhpn
1346288352|PaulaLyn|A|z1c9z/c60mkfj/c60ml8m/c60mvp4/c60neux/c60pdiw/c60qkdi
1346330057|goldandguns|A|z1c9z/c60mkfj/c60ml8m/c60mvp4/c60neux/c60pdiw/c60wz5w
1346282833|LeadStark|A|z1c9z/c60mkfj/c60ml8m/c60mvp4/c60neux/c60pdiw
1346273250|geeze_louise|A|z1c9z/c60mkfj/c60ml8m/c60mvp4/c60neux
1346287899|Hedgehog_Mist|A|z1c9z/c60mkfj/c60ml8m/c60mvp4/c60ok4g/c60q6zt/c60qgr2
1346286565|didnotwanttoregister|A|z1c9z/c60mkfj/c60ml8m/c60mvp4/c60ok4g/c60q6zt
1346290713|Shocktimus|A|z1c9z/c60mkfj/c60ml8m/c60mvp4/c60ok4g/c60r42f
1346279093|Zalbu|A|z1c9z/c60mkfj/c60ml8m/c60mvp4/c60ok4g
1346277247|eazy_e|A|z1c9z/c60mkfj/c60ml8m/c60mvp4/c60o52a
1346271520|South_Dakota_Boy|A|z1c9z/c60mkfj/c60ml8m/c60mvp4
1346277840|RandoAtReddit|A|z1c9z/c60mkfj/c60ml8m/c60mqkf/c60mu9m/c60o9si
1346274014|NBAallstar|A|z1c9z/c60mkfj/c60ml8m/c60mqkf/c60mu9m/c60nklo
1346271408|venividiikarma|A|z1c9z/c60mkfj/c60ml8m/c60mqkf/c60mu9m
1346272097|rx-bandit|A|z1c9z/c60mkfj/c60ml8m/c60mqkf/c60mtkc/c60n35m
1346271353|brunesgoth|A|z1c9z/c60mkfj/c60ml8m/c60mqkf/c60mtkc
1346271116|KoreanTerran|A|z1c9z/c60mkfj/c60ml8m/c60mqkf
1346387845|iOgef|A|z1c9z/c60mkfj/c60ml8m/c60mv7e/c60osfw/c61b5z1
1346280077|MrRC|A|z1c9z/c60mkfj/c60ml8m/c60mv7e/c60osfw
1346281843|Johnsu|A|z1c9z/c60mkfj/c60ml8m/c60mv7e/c60p5lk
1346271480|Bowmore|A|z1c9z/c60mkfj/c60ml8m/c60mv7e
1346276637|ScampAndFries|A|z1c9z/c60mkfj/c60ml8m/c60mqr0/c60mx3p/c60o0de
1346287914|ssbbnitewing|A|z1c9z/c60mkfj/c60ml8m/c60mqr0/c60mx3p/c60ojkx/c60qgvu
1346279025|fronteir|A|z1c9z/c60mkfj/c60ml8m/c60mqr0/c60mx3p/c60ojkx
1346271629|mimicthefrench|A|z1c9z/c60mkfj/c60ml8m/c60mqr0/c60mx3p
1346303327|ifreew|A|z1c9z/c60mkfj/c60ml8m/c60mqr0/c60muzs/c60tq8y
1346271462|Kon-chezz|A|z1c9z/c60mkfj/c60ml8m/c60mqr0/c60muzs
1346271754|StairwayToTruth|A|z1c9z/c60mkfj/c60ml8m/c60mqr0/c60myqt
1346271131|DirectCharge|A|z1c9z/c60mkfj/c60ml8m/c60mqr0
1346271218|mrHoyt|A|z1c9z/c60mkfj/c60ml8m/c60mruq
1346270620|TheAtomicPlayboy|A|z1c9z/c60mkfj/c60ml8m
1346271540|_Orwell|A|z1c9z/c60mkfj/c60mnku/c60mp6o/c60mspv/c60mvyi
1346271288|RoguishCharm|A|z1c9z/c60mkfj/c60mnku/c60mp6o/c60mspv
1346270990|sabataco|A|z1c9z/c60mkfj/c60mnku/c60mp6o
1346277741|GrannyBacon81|A|z1c9z/c60mkfj/c60mnku/c60o911
1346270842|Cooper0505|A|z1c9z/c60mkfj/c60mnku
1346298785|Bunzaak|A|z1c9z/c60mkfj/c60mpru/c60msen/c60olnn/c60sxfp
1346279278|CanadiangirlEH|A|z1c9z/c60mkfj/c60mpru/c60msen/c60olnn
1346284970|spin0r|A|z1c9z/c60mkfj/c60mpru/c60msen/c60pvch
1346271255|jomsie|A|z1c9z/c60mkfj/c60mpru/c60msen
1346274727|Biinaryy|A|z1c9z/c60mkfj/c60mpru/c60nq4z
1346271041|girlpart|A|z1c9z/c60mkfj/c60mpru
1346276762|Ddickerson03|A|z1c9z/c60mkfj/c60mo88/c60msot/c60o1bx
1346297984|yorkt|A|z1c9z/c60mkfj/c60mo88/c60msot/c60srg7
1346271286|nilicule|A|z1c9z/c60mkfj/c60mo88/c60msot
1346271770|katzenrubbl0r|A|z1c9z/c60mkfj/c60mo88/c60myyy
1346273054|Dioder|A|z1c9z/c60mkfj/c60mo88/c60nd80
1346270907|Culero|A|z1c9z/c60mkfj/c60mo88
1346270539|Drunken_Economist|A|z1c9z/c60mkfj
1346456712|kamajo8991|A|z1c9z/c60mm2v/c60n5v5/c60n9go/c60t0we/c613jfk/c61p5if
1346356650|Pavel_Komarov|A|z1c9z/c60mm2v/c60n5v5/c60n9go/c60t0we/c613jfk
1346456698|kamajo8991|A|z1c9z/c60mm2v/c60n5v5/c60n9go/c60t0we/c61p5ec
1346299234|jk01|A|z1c9z/c60mm2v/c60n5v5/c60n9go/c60t0we
1346299554|KingCarman|A|z1c9z/c60mm2v/c60n5v5/c60n9go/c60t3c6
1346272648|felatedbirthday|A|z1c9z/c60mm2v/c60n5v5/c60n9go
1346292991|garlandtograce|A|z1c9z/c60mm2v/c60n5v5/c60q1yq/c60rn00
1346285785|Thiefree|A|z1c9z/c60mm2v/c60n5v5/c60q1yq
1346272319|PresidentObama|A|z1c9z/c60mm2v/c60n5v5
1346271288|VVander|A|z1c9z/c60mm2v/c60msqb
1346270701|daveforamerica|A|z1c9z/c60mm2v
1346286246|zoso820|A|z1c9z/c60mrw7/c60q5k4
1346286943|HelluvaNinjineer|A|z1c9z/c60mrw7/c60q9ej
1346271221|Joenothin|A|z1c9z/c60mrw7
1346295797|ibetrollingyou|A|z1c9z/c60nijl/c60saa9
1346273732|Neural-Override|A|z1c9z/c60nijl
1346272136|TSDMC|A|z1c9z/c60mnz1/c60n3oj
1346270893|CallMeBert|A|z1c9z/c60mnz1
1346279778|this_is_suburbia|A|z1c9z/c60mm41/c60mqlp/c60mrtq/c60mslv/c60n2t8/c60opxh
1346272070|tuckidge|A|z1c9z/c60mm41/c60mqlp/c60mrtq/c60mslv/c60n2t8
1346271421|evangelion933|A|z1c9z/c60mm41/c60mqlp/c60mrtq/c60mslv/c60mufr
1346271278|TheAtomicPlayboy|A|z1c9z/c60mm41/c60mqlp/c60mrtq/c60mslv
1346271713|Chawclet|A|z1c9z/c60mm41/c60mqlp/c60mrtq/c60my73
1346271216|havestronaut|A|z1c9z/c60mm41/c60mqlp/c60mrtq
1346290495|thrawnie|A|z1c9z/c60mm41/c60mqlp/c60r29b
1346271118|tsondie21|A|z1c9z/c60mm41/c60mqlp
1346296310|MavisLeno|A|z1c9z/c60mm41/c60n05h/c60nsbg/c60sehd
1346348584|superfes|A|z1c9z/c60mm41/c60n05h/c60nsbg/c611bel
1346275023|khaelian|A|z1c9z/c60mm41/c60n05h/c60nsbg
1346272813|akubar|A|z1c9z/c60mm41/c60n05h/c60nb2q
1346271863|PresidentObama|A|z1c9z/c60mm41/c60n05h
1346312248|Cyberslasher|A|z1c9z/c60mm41/c60muco/c60of3d/c60v1bv
1346284237|jag0007|A|z1c9z/c60mm41/c60muco/c60of3d/c60omou/c60pp61
1346279404|TheEden|A|z1c9z/c60mm41/c60muco/c60of3d/c60omou
1346278507|jag0007|A|z1c9z/c60mm41/c60muco/c60of3d
1346271414|TheEden|A|z1c9z/c60mm41/c60muco
1346271280|jetkonob|A|z1c9z/c60mm41/c60mqei/c60msm3
1346271771|fourlittlebees|A|z1c9z/c60mm41/c60mqei/c60myz8
1346274240|zeamaize|A|z1c9z/c60mm41/c60mqei/c60nmcy
1346271100|Leito3|A|z1c9z/c60mm41/c60mqei
1346270705|ormirian|A|z1c9z/c60mm41
1346272866|thegreatcatsby|A|z1c9z/c60mq1u/c60nbke
1346271069|pepesgt|A|z1c9z/c60mq1u
1346271811|PlNG|A|z1c9z/c60mkj5/c60moln/c60mqe5/c60mzgc
1346271100|TbroOnline|A|z1c9z/c60mkj5/c60moln/c60mqe5
1346282775|KC5629|A|z1c9z/c60mkj5/c60moln/c60mqu2/c60pd1p
1346271138|Magnum_Opus|A|z1c9z/c60mkj5/c60moln/c60mqu2
1346272473|MayorScotch|A|z1c9z/c60mkj5/c60moln/c60n7n5
1346270939|aNonSapient|A|z1c9z/c60mkj5/c60moln
1346286851|Kysis|A|z1c9z/c60mkj5/c60ml26/c60mlwa/c60mn82/c60q8rc
1346270813|GoldenGraham12|A|z1c9z/c60mkj5/c60ml26/c60mlwa/c60mn82
1346273641|Mistrial|A|z1c9z/c60mkj5/c60ml26/c60mlwa/c60moci/c60nhw1
1346270919|redtaboo|A|z1c9z/c60mkj5/c60ml26/c60mlwa/c60moci
1346272535|kernozlov|A|z1c9z/c60mkj5/c60ml26/c60mlwa/c60mo9l/c60n8ak
1346270911|samsheffer|A|z1c9z/c60mkj5/c60ml26/c60mlwa/c60mo9l
1346272534|JewBoySandler|A|z1c9z/c60mkj5/c60ml26/c60mlwa/c60n898
1346270684|kn0thing|A|z1c9z/c60mkj5/c60ml26/c60mlwa
1346275496|V2Blast|A|z1c9z/c60mkj5/c60ml26/c60mpj7/c60nvaw
1346271021|sexrockandroll|A|z1c9z/c60mkj5/c60ml26/c60mpj7
1346271395|namepitched|A|z1c9z/c60mkj5/c60ml26/c60mu3q
1346270603|TheAtomicPlayboy|A|z1c9z/c60mkj5/c60ml26
1346271949|thegreatvortigaunt|A|z1c9z/c60mkj5/c60mqg1/c60mw86/c60n18x
1346271560|Drunken_Economist|A|z1c9z/c60mkj5/c60mqg1/c60mw86
1346271104|thegreatvortigaunt|A|z1c9z/c60mkj5/c60mqg1
1346270550|hueypriest|A|z1c9z/c60mkj5
1346278406|thecw|A|z1c9z/c60mq8i/c60nfsc/c60oeag
1346273369|I_play_elin|A|z1c9z/c60mq8i/c60nfsc
1346271086|thecw|A|z1c9z/c60mq8i
1346361475|tesnakeinurboot|A|z1c9z/c60mohs/c60ob1v/c614tsm
1346277999|Ashlir|A|z1c9z/c60mohs/c60ob1v
1346270931|DaveMichael|A|z1c9z/c60mohs
1346299828|Dentarthurdent42|A|z1c9z/c60mpwi/c60mz9m/c60o0xw/c60t5f9
1346276714|The_Mexorcist26|A|z1c9z/c60mpwi/c60mz9m/c60o0xw
1346271798|SunshineToss|A|z1c9z/c60mpwi/c60mz9m
1346389433|terari|A|z1c9z/c60mpwi/c60oqrn/c614qmf/c615upn/c616dpu/c61bhzm
1346367829|angrybrother273|A|z1c9z/c60mpwi/c60oqrn/c614qmf/c615upn/c616dpu
1346569912|Bewildered_vagabond|A|z1c9z/c60mpwi/c60oqrn/c614qmf/c615upn/c629byp
1346365633|taybme|A|z1c9z/c60mpwi/c60oqrn/c614qmf/c615upn
1346361124|akreit|A|z1c9z/c60mpwi/c60oqrn/c614qmf
1346301310|ccgeogeek|A|z1c9z/c60mpwi/c60oqrn/c60teg2
1346279878|Change_Is_Constant|A|z1c9z/c60mpwi/c60oqrn
1346272513|shadowofthe|A|z1c9z/c60mpwi/c60n81o
1346298848|JorgeChurano|A|z1c9z/c60mpwi/c60n3ge/c60sxwz
1346272121|barrister_bear|A|z1c9z/c60mpwi/c60n3ge
1346272439|3rdperson003|A|z1c9z/c60mpwi/c60n79s
1346271053|TheOtherOneIsMyAlt|A|z1c9z/c60mpwi
1346343833|drgradus|A|z1c9z/c60mpk3/c60nnra/c60yq78/c60ysej/c61011b
1346339197|TheCid|A|z1c9z/c60mpk3/c60nnra/c60yq78/c60ysej
1346338960|drgradus|A|z1c9z/c60mpk3/c60nnra/c60yq78
1346274417|TheCid|A|z1c9z/c60mpk3/c60nnra
1346271023|notheory|A|z1c9z/c60mpk3
1346369752|dominic-cobb|A|z1c9z/c60n517/c60o4b1/c60otlz/c60q6dk/c60ro8j/c616uek
1346293140|openbluefish|A|z1c9z/c60n517/c60o4b1/c60otlz/c60q6dk/c60ro8j
1346300904|bannana|A|z1c9z/c60n517/c60o4b1/c60otlz/c60q6dk/c60td5u
1346361366|tesnakeinurboot|A|z1c9z/c60n517/c60o4b1/c60otlz/c60q6dk/c614ss8
1346286388|erikNORML|A|z1c9z/c60n517/c60o4b1/c60otlz/c60q6dk
1346360078|NoUrImmature|A|z1c9z/c60n517/c60o4b1/c60otlz/c614gqc
1346280238|dontpan1c|A|z1c9z/c60n517/c60o4b1/c60otlz
1346277139|locke21|A|z1c9z/c60n517/c60o4b1
1346360069|didaskaleinophobic|A|z1c9z/c60n517/c60ojl7/c60q6qb/c614gmk
1346286500|shpongled7|A|z1c9z/c60n517/c60ojl7/c60q6qb
1346314641|IndependentSession|A|z1c9z/c60n517/c60ojl7/c60qb1u/c60scdd/c60vb30
1346296057|Arrow156|A|z1c9z/c60n517/c60ojl7/c60qb1u/c60scdd
1346287165|IndependentSession|A|z1c9z/c60n517/c60ojl7/c60qb1u
1346334312|saywhatisobvious|A|z1c9z/c60n517/c60ojl7/c60olys/c60u9y9/c60xqju
1346306660|seancity|A|z1c9z/c60n517/c60ojl7/c60olys/c60u9y9
1346279316|saywhatisobvious|A|z1c9z/c60n517/c60ojl7/c60olys
1346296369|Arrow156|A|z1c9z/c60n517/c60ojl7/c60rqa2/c60seyb
1346293390|Squidilus|A|z1c9z/c60n517/c60ojl7/c60rqa2
1346297463|V2Blast|A|z1c9z/c60n517/c60ojl7/c60rkdj/c60sniu
1346292679|polypx|A|z1c9z/c60n517/c60ojl7/c60rkdj
1346287881|ruskeeblue|A|z1c9z/c60n517/c60ojl7/c60qglu
1346291789|aborted_bubble|A|z1c9z/c60n517/c60ojl7/c60rd0q
1346304592|KingRamses|A|z1c9z/c60n517/c60ojl7/c60rkja/c60skw9/c60txws
1346297102|ecb29|A|z1c9z/c60n517/c60ojl7/c60rkja/c60skw9
1346292699|KingRamses|A|z1c9z/c60n517/c60ojl7/c60rkja
1346307336|KingSourDiesel|A|z1c9z/c60n517/c60ojl7/c60sclh/c60sgyq/c60udnq
1346296615|Arrow156|A|z1c9z/c60n517/c60ojl7/c60sclh/c60sgyq
1346296081|StinkinFinger|A|z1c9z/c60n517/c60ojl7/c60sclh
1346279524|Foe_Geodude|A|z1c9z/c60n517/c60ojl7/c60onqz
1346292616|smcd23|A|z1c9z/c60n517/c60ojl7/c60rjtd
1346293202|football_sucks|A|z1c9z/c60n517/c60ojl7/c60roqe
1346293356|Wingsuit|A|z1c9z/c60n517/c60ojl7/c60rq17
1346294067|4120447265616d6572|A|z1c9z/c60n517/c60ojl7/c60rw1t
1346294072|openbluefish|A|z1c9z/c60n517/c60ojl7/c60rw3f
1346294342|Vafunk89|A|z1c9z/c60n517/c60ojl7/c60ryby
1346294514|lantern55|A|z1c9z/c60n517/c60ojl7/c60rzr9
1346295351|AnomalyX-_-|A|z1c9z/c60n517/c60ojl7/c60s6m8
1346295700|MtnDewGuy27|A|z1c9z/c60n517/c60ojl7/c60s9f0
1346296120|stone500|A|z1c9z/c60n517/c60ojl7/c60scy3
1346297468|boopins|A|z1c9z/c60n517/c60ojl7/c60snkb
1346298099|forca_micah|A|z1c9z/c60n517/c60ojl7/c60ssbs
1346298190|bananahead|A|z1c9z/c60n517/c60ojl7/c60st0w
1346298852|Chr0n05|A|z1c9z/c60n517/c60ojl7/c60sxyi
1346299542|S-Flo|A|z1c9z/c60n517/c60ojl7/c60t38q
1346303720|ich_bin_german|A|z1c9z/c60n517/c60ojl7/c60tsnx
1346305523|FrankTheodore|A|z1c9z/c60n517/c60ojl7/c60u3g3
1346307538|saiyanhajime|A|z1c9z/c60n517/c60ojl7/c60ueos
1346307835|adrianmonk|A|z1c9z/c60n517/c60ojl7/c60ug6c
1346308021|dscrd|A|z1c9z/c60n517/c60ojl7/c60uh49
1346308925|TheSteaky|A|z1c9z/c60n517/c60ojl7/c60ulm2
1346310235|lychee-twist|A|z1c9z/c60n517/c60ojl7/c60us0v
1346311262|pseudohim|A|z1c9z/c60n517/c60ojl7/c60uwuc
1346311398|Flinkergut|A|z1c9z/c60n517/c60ojl7/c60uxgi
1346311642|handsandteethforest|A|z1c9z/c60n517/c60ojl7/c60uyjg
1346314858|Justadewd|A|z1c9z/c60n517/c60ojl7/c60vbxe
1346316107|toca9|A|z1c9z/c60n517/c60ojl7/c60vgl6
1346321848|joebbowers|A|z1c9z/c60n517/c60ojl7/c60w06e
1346326758|bohl623|A|z1c9z/c60n517/c60ojl7/c60wj4k
1346341189|apteryx_274|A|z1c9z/c60n517/c60ojl7/c60zcdq
1346347299|jayme0227|A|z1c9z/c60n517/c60ojl7/c610ytx
1346303090|BenjaminDanklin|A|z1c9z/c60n517/c60ojl7/c60qkla/c60sd83/c60ski1/c60tjna/c60tott
1346368665|foxeylady11|A|z1c9z/c60n517/c60ojl7/c60qkla/c60sd83/c60ski1/c60tjna/c616kp3
1346302265|Arrow156|A|z1c9z/c60n517/c60ojl7/c60qkla/c60sd83/c60ski1/c60tjna
1346297049|foxeylady11|A|z1c9z/c60n517/c60ojl7/c60qkla/c60sd83/c60ski1
1346296157|Arrow156|A|z1c9z/c60n517/c60ojl7/c60qkla/c60sd83
1346288379|foxeylady11|A|z1c9z/c60n517/c60ojl7/c60qkla
1346279027|thisiscameron|A|z1c9z/c60n517/c60ojl7
1346272250|erikNORML|A|z1c9z/c60n517
1346271362|Wraith978|A|z1c9z/c60mpiu/c60mtp5
1346271020|georgegsmithjr|A|z1c9z/c60mpiu
1346338024|CronosDage|A|z1c9z/c60mmaf/c60nmtc/c60nugp/c60pick/c60r5hr/c60rytw/c60s5lj/c60yhza
1346295228|ibeinthesea|A|z1c9z/c60mmaf/c60nmtc/c60nugp/c60pick/c60r5hr/c60rytw/c60s5lj
1346307966|H5Mind|A|z1c9z/c60mmaf/c60nmtc/c60nugp/c60pick/c60r5hr/c60rytw/c60ugub
1346294398|TisJokar|A|z1c9z/c60mmaf/c60nmtc/c60nugp/c60pick/c60r5hr/c60rytw
1346328404|Flawd_MA|A|z1c9z/c60mmaf/c60nmtc/c60nugp/c60pick/c60r5hr/c60umwc/c60wqg1
1346309189|BigClifty|A|z1c9z/c60mmaf/c60nmtc/c60nugp/c60pick/c60r5hr/c60umwc
1346290888|senorsandman|A|z1c9z/c60mmaf/c60nmtc/c60nugp/c60pick/c60r5hr
1346293145|Rpbailey|A|z1c9z/c60mmaf/c60nmtc/c60nugp/c60pick/c60roap
1346291960|froglegsoup|A|z1c9z/c60mmaf/c60nmtc/c60nugp/c60pick/c60regm
1346283422|bad_german|A|z1c9z/c60mmaf/c60nmtc/c60nugp/c60pick
1346756303|justamobile|A|z1c9z/c60mmaf/c60nmtc/c60nugp/c60phlx/c60rbv1/c60sk7o/c60uet7/c614qen/c6384uy
1346361101|AlexanderDavidBand|A|z1c9z/c60mmaf/c60nmtc/c60nugp/c60phlx/c60rbv1/c60sk7o/c60uet7/c614qen
1346307564|well_welp_ok|A|z1c9z/c60mmaf/c60nmtc/c60nugp/c60phlx/c60rbv1/c60sk7o/c60uet7
1346297015|fauxpunk|A|z1c9z/c60mmaf/c60nmtc/c60nugp/c60phlx/c60rbv1/c60sk7o
1346291654|okadery|A|z1c9z/c60mmaf/c60nmtc/c60nugp/c60phlx/c60rbv1
1346283323|beerob81|A|z1c9z/c60mmaf/c60nmtc/c60nugp/c60phlx
1346275330|Camusforyou|A|z1c9z/c60mmaf/c60nmtc/c60nugp
1346284281|mindtaker87|A|z1c9z/c60mmaf/c60nmtc/c60nwkd/c60ppk3
1346289036|I_am_PERRY|A|z1c9z/c60mmaf/c60nmtc/c60nwkd/c60qpzz
1346276047|badbadpet|A|z1c9z/c60mmaf/c60nmtc/c60nwkd
1346284517|2_Parts_Malibu|A|z1c9z/c60mmaf/c60nmtc/c60ntxe/c60pisp/c60prja
1346283475|owmybrains|A|z1c9z/c60mmaf/c60nmtc/c60ntxe/c60pisp
1346343406|embretr|A|z1c9z/c60mmaf/c60nmtc/c60ntxe/c60v92n/c60zx03
1346314124|jugalator|A|z1c9z/c60mmaf/c60nmtc/c60ntxe/c60v92n
1346327369|Scrooge_McDuck90|A|z1c9z/c60mmaf/c60nmtc/c60ntxe/c60wlqz
1346275243|ChildofTime617|A|z1c9z/c60mmaf/c60nmtc/c60ntxe
1346361786|LeonTrotsky_on_speed|A|z1c9z/c60mmaf/c60nmtc/c60npsu/c60ns0u/c60qwl9/c60r0ox/c614wm9
1346290315|theshinepolicy|A|z1c9z/c60mmaf/c60nmtc/c60npsu/c60ns0u/c60qwl9/c60r0ox
1346298200|BostonTentacleParty|A|z1c9z/c60mmaf/c60nmtc/c60npsu/c60ns0u/c60qwl9/c60st3r
1346289819|EdotRdotJ|A|z1c9z/c60mmaf/c60nmtc/c60npsu/c60ns0u/c60qwl9
1346285957|bru_tech|A|z1c9z/c60mmaf/c60nmtc/c60npsu/c60ns0u/c60q3ck
1346287567|ezenbrowntown|A|z1c9z/c60mmaf/c60nmtc/c60npsu/c60ns0u/c60qe5v
1346274979|i_love_pokemon|A|z1c9z/c60mmaf/c60nmtc/c60npsu/c60ns0u
1346278701|heyguys274|A|z1c9z/c60mmaf/c60nmtc/c60npsu/c60ogqe
1346426592|OMGitzSARS|A|z1c9z/c60mmaf/c60nmtc/c60npsu/c60ns7b/c60nt3e/c61fq2c/c61h7gz
1346420420|UndercoverPotato|A|z1c9z/c60mmaf/c60nmtc/c60npsu/c60ns7b/c60nt3e/c61fq2c
1346275126|OMGitzSARS|A|z1c9z/c60mmaf/c60nmtc/c60npsu/c60ns7b/c60nt3e
1346275005|ZormLeahcim|A|z1c9z/c60mmaf/c60nmtc/c60npsu/c60ns7b
1346274683|OMGitzSARS|A|z1c9z/c60mmaf/c60nmtc/c60npsu
1346341162|PieBoy|A|z1c9z/c60mmaf/c60nmtc/c60nw7f/c60zbbl/c60zc4w
1346341078|rooriffic|A|z1c9z/c60mmaf/c60nmtc/c60nw7f/c60zbbl
1346275911|PieBoy|A|z1c9z/c60mmaf/c60nmtc/c60nw7f
1346275220|SamuraiSteev0h|A|z1c9z/c60mmaf/c60nmtc/c60ntr8
1346311265|warrenlain|A|z1c9z/c60mmaf/c60nmtc/c60nuws/c60p1ml/c60uwuv
1346281344|ily112|A|z1c9z/c60mmaf/c60nmtc/c60nuws/c60p1ml
1346338865|drgradus|A|z1c9z/c60mmaf/c60nmtc/c60nuws/c60p8oc/c60pmya/c60ws8d/c60ypd1
1346395548|ptboi42|A|z1c9z/c60mmaf/c60nmtc/c60nuws/c60p8oc/c60pmya/c60ws8d/c61clly
1346328774|TeslaIsAdorable|A|z1c9z/c60mmaf/c60nmtc/c60nuws/c60p8oc/c60pmya/c60ws8d
1346283970|Wordlessly|A|z1c9z/c60mmaf/c60nmtc/c60nuws/c60p8oc/c60pmya
1346345621|downfall88|A|z1c9z/c60mmaf/c60nmtc/c60nuws/c60p8oc/c60r4hs/c610icb
1346290766|Wahrheit|A|z1c9z/c60mmaf/c60nmtc/c60nuws/c60p8oc/c60r4hs
1346282234|downfall88|A|z1c9z/c60mmaf/c60nmtc/c60nuws/c60p8oc
1346280774|UseTheFlamethrower|A|z1c9z/c60mmaf/c60nmtc/c60nuws/c60ox3e
1346275411|drps|A|z1c9z/c60mmaf/c60nmtc/c60nuws
1346320129|AlekseyP|A|z1c9z/c60mmaf/c60nmtc/c60nv68/c60vuew
1346275474|teamgonuts|A|z1c9z/c60mmaf/c60nmtc/c60nv68
1346281195|datLoser|A|z1c9z/c60mmaf/c60nmtc/c60p0fm
1346274961|DGOJG|A|z1c9z/c60mmaf/c60nmtc/c60nrvt
1346446043|NewAlexandria|A|z1c9z/c60mmaf/c60nmtc/c60nsfs/c61mlwz
1346275039|davidjayhawk|A|z1c9z/c60mmaf/c60nmtc/c60nsfs
1346310731|Shit_Filled_Pussy|A|z1c9z/c60mmaf/c60nmtc/c60o0uu/c60uugj
1346276702|omegachild|A|z1c9z/c60mmaf/c60nmtc/c60o0uu
1346274298|PresidentObama|A|z1c9z/c60mmaf/c60nmtc
1346271915|StarManta|A|z1c9z/c60mmaf/c60n0vy
1346270719|gobearss|A|z1c9z/c60mmaf
1346361171|angrybrother273|A|z1c9z/c60mqka/c60nhcn/c614r15
1346273574|stevestgermain|A|z1c9z/c60mqka/c60nhcn
1346271113|eddieohare|A|z1c9z/c60mqka
1346274044|You_butt_pirate|A|z1c9z/c60moxe/c60nkux
1346270967|coffeeholic91|A|z1c9z/c60moxe
1346283094|ColtinWayne44|A|z1c9z/c60mx1m/c60pfqa
1346271624|Fancer|A|z1c9z/c60mx1m
1346305075|droxile|A|z1c9z/c60mopd/c60n7ga/c60q251/c60toxi/c60u0tb
1346303111|illmatix|A|z1c9z/c60mopd/c60n7ga/c60q251/c60toxi
1346285811|droxile|A|z1c9z/c60mopd/c60n7ga/c60q251
1346272456|illmatix|A|z1c9z/c60mopd/c60n7ga
1346270945|scnjedi|A|z1c9z/c60mopd
1346286402|mretchin|A|z1c9z/c60mojl/c60q6fi
1346270935|neonsnow|A|z1c9z/c60mojl
1346271357|Naufrago92|A|z1c9z/c60mnd8/c60mtm4
1346270826|sidewinder1090|A|z1c9z/c60mnd8
1346296542|hotpotato115|A|z1c9z/c60mqvj/c60sgcn
1346271142|pnothing|A|z1c9z/c60mqvj
1346271147|pghgamecock|A|z1c9z/c60mqyq
1346444287|sprucenoose|A|z1c9z/c60mrl6/c60q2nv/c60y60i/c61m4xx
1346336552|TheThomaswastaken|A|z1c9z/c60mrl6/c60q2nv/c60y60i
1346361235|angrybrother273|A|z1c9z/c60mrl6/c60q2nv/c60tucz/c614rmz
1346304006|metrication|A|z1c9z/c60mrl6/c60q2nv/c60tucz
1346285875|Bloodfeastisleman|A|z1c9z/c60mrl6/c60q2nv
1346287610|lachlanhunt|A|z1c9z/c60mrl6/c60o849/c60qeh9
1346277628|Attheveryend|A|z1c9z/c60mrl6/c60o849
1346271197|mthreat|A|z1c9z/c60mrl6
1346323172|Subbuteo|A|z1c9z/c60mm5n/c60n33k/c60n44w/c60oyk5/c60rhn6/c60w4yq
1346292359|HiImDan|A|z1c9z/c60mm5n/c60n33k/c60n44w/c60oyk5/c60rhn6
1346302847|PonderousHomonid|A|z1c9z/c60mm5n/c60n33k/c60n44w/c60oyk5/c60tn9k
1346280959|tartay745|A|z1c9z/c60mm5n/c60n33k/c60n44w/c60oyk5
1346300760|brassman271|A|z1c9z/c60mm5n/c60n33k/c60n44w/c60nj2z/c60r4ma/c60t4ln/c60tc7j
1346299717|jk01|A|z1c9z/c60mm5n/c60n33k/c60n44w/c60nj2z/c60r4ma/c60t4ln
1346290780|mr_mojo773|A|z1c9z/c60mm5n/c60n33k/c60n44w/c60nj2z/c60r4ma
1346442954|TheOneWhoKnocksBitch|A|z1c9z/c60mm5n/c60n33k/c60n44w/c60nj2z/c60se8b/c61lry9
1346296278|StarkofWinterfell|A|z1c9z/c60mm5n/c60n33k/c60n44w/c60nj2z/c60se8b
1346338628|koreanguy315|A|z1c9z/c60mm5n/c60n33k/c60n44w/c60nj2z/c60yn8i
1346273805|void702|A|z1c9z/c60mm5n/c60n33k/c60n44w/c60nj2z
1346274215|NBAallstar|A|z1c9z/c60mm5n/c60n33k/c60n44w/c60nm6b
1346277606|SuperSlyRy|A|z1c9z/c60mm5n/c60n33k/c60n44w/c60o7xh
1346272175|ivanvzm|A|z1c9z/c60mm5n/c60n33k/c60n44w
1346515903|DoorGuote|A|z1c9z/c60mm5n/c60n33k/c60x2w6/c61xzki
1346330731|sat0123|A|z1c9z/c60mm5n/c60n33k/c60x2w6
1346272093|PresidentObama|A|z1c9z/c60mm5n/c60n33k
1346435844|karlfranks|A|z1c9z/c60mm5n/c60nn74/c60nnxj/c61ixsn/c61js7e
1346792565|zotquix|A|z1c9z/c60mm5n/c60nn74/c60nnxj/c61ixsn/c633io4/c6349mz/c63gapf
1346729963|Soonerz|A|z1c9z/c60mm5n/c60nn74/c60nnxj/c61ixsn/c633io4/c6349mz
1346727012|zotquix|A|z1c9z/c60mm5n/c60nn74/c60nnxj/c61ixsn/c633io4
1346432787|Soonerz|A|z1c9z/c60mm5n/c60nn74/c60nnxj/c61ixsn
1346274439|karlfranks|A|z1c9z/c60mm5n/c60nn74/c60nnxj
1346274347|Soonerz|A|z1c9z/c60mm5n/c60nn74
1346270709|karlfranks|A|z1c9z/c60mm5n
1346271974|left-eyedchicken|A|z1c9z/c60mp28/c60n1k9
1346270980|meteorologygeek1|A|z1c9z/c60mp28
1346272321|kendalltristan|A|z1c9z/c60mobo/c60n5ve
1346270917|0accountability|A|z1c9z/c60mobo
1346368194|turtlemouse|A|z1c9z/c60mom8/c60ncij/c60nht0/c60op0j/c60pe8v/c60qj4c/c60r3py/c60sl1p/c60syft/c61287b/c616gt7
1346596830|BatmansNygma|A|z1c9z/c60mom8/c60ncij/c60nht0/c60op0j/c60pe8v/c60qj4c/c60r3py/c60sl1p/c60syft/c61287b/c62cc88
1346604451|Sketch257|A|z1c9z/c60mom8/c60ncij/c60nht0/c60op0j/c60pe8v/c60qj4c/c60r3py/c60sl1p/c60syft/c61287b/c62dwyj
1346351835|goldcray|A|z1c9z/c60mom8/c60ncij/c60nht0/c60op0j/c60pe8v/c60qj4c/c60r3py/c60sl1p/c60syft/c61287b
1346360921|Ewarrior190|A|z1c9z/c60mom8/c60ncij/c60nht0/c60op0j/c60pe8v/c60qj4c/c60r3py/c60sl1p/c60syft/c60t60u/c60takt/c60u2yb/c60u5r0/c60utrt/c60uz5d/c60vezy/c60w0it/c611hav/c611rn4/c614mtb/c614oqw
1346467834|tiltsk8t|A|z1c9z/c60mom8/c60ncij/c60nht0/c60op0j/c60pe8v/c60qj4c/c60r3py/c60sl1p/c60syft/c60t60u/c60takt/c60u2yb/c60u5r0/c60utrt/c60uz5d/c60vezy/c60w0it/c611hav/c611rn4/c614mtb/c61eqe0/c61midz/c61rmih
1346445677|EzioClarke|A|z1c9z/c60mom8/c60ncij/c60nht0/c60op0j/c60pe8v/c60qj4c/c60r3py/c60sl1p/c60syft/c60t60u/c60takt/c60u2yb/c60u5r0/c60utrt/c60uz5d/c60vezy/c60w0it/c611hav/c611rn4/c614mtb/c61eqe0/c61midz
1346414435|Basuru|A|z1c9z/c60mom8/c60ncij/c60nht0/c60op0j/c60pe8v/c60qj4c/c60r3py/c60sl1p/c60syft/c60t60u/c60takt/c60u2yb/c60u5r0/c60utrt/c60uz5d/c60vezy/c60w0it/c611hav/c611rn4/c614mtb/c61eqe0
1346360713|moral_low_ground|A|z1c9z/c60mom8/c60ncij/c60nht0/c60op0j/c60pe8v/c60qj4c/c60r3py/c60sl1p/c60syft/c60t60u/c60takt/c60u2yb/c60u5r0/c60utrt/c60uz5d/c60vezy/c60w0it/c611hav/c611rn4/c614mtb
1346350240|a_clue_no|A|z1c9z/c60mom8/c60ncij/c60nht0/c60op0j/c60pe8v/c60qj4c/c60r3py/c60sl1p/c60syft/c60t60u/c60takt/c60u2yb/c60u5r0/c60utrt/c60uz5d/c60vezy/c60w0it/c611hav/c611rn4
1346349178|TheEnigmaBlade|A|z1c9z/c60mom8/c60ncij/c60nht0/c60op0j/c60pe8v/c60qj4c/c60r3py/c60sl1p/c60syft/c60t60u/c60takt/c60u2yb/c60u5r0/c60utrt/c60uz5d/c60vezy/c60w0it/c611hav
1346321942|thedbp|A|z1c9z/c60mom8/c60ncij/c60nht0/c60op0j/c60pe8v/c60qj4c/c60r3py/c60sl1p/c60syft/c60t60u/c60takt/c60u2yb/c60u5r0/c60utrt/c60uz5d/c60vezy/c60w0it
1346315659|Belial7809|A|z1c9z/c60mom8/c60ncij/c60nht0/c60op0j/c60pe8v/c60qj4c/c60r3py/c60sl1p/c60syft/c60t60u/c60takt/c60u2yb/c60u5r0/c60utrt/c60uz5d/c60vezy
1346311779|SilentLettersSuck|A|z1c9z/c60mom8/c60ncij/c60nht0/c60op0j/c60pe8v/c60qj4c/c60r3py/c60sl1p/c60syft/c60t60u/c60takt/c60u2yb/c60u5r0/c60utrt/c60uz5d
1346310593|railu|A|z1c9z/c60mom8/c60ncij/c60nht0/c60op0j/c60pe8v/c60qj4c/c60r3py/c60sl1p/c60syft/c60t60u/c60takt/c60u2yb/c60u5r0/c60utrt
1346305919|kleptomancer|A|z1c9z/c60mom8/c60ncij/c60nht0/c60op0j/c60pe8v/c60qj4c/c60r3py/c60sl1p/c60syft/c60t60u/c60takt/c60u2yb/c60u5r0
1346305437|aveaida|A|z1c9z/c60mom8/c60ncij/c60nht0/c60op0j/c60pe8v/c60qj4c/c60r3py/c60sl1p/c60syft/c60t60u/c60takt/c60u2yb
1346300534|skarface6|A|z1c9z/c60mom8/c60ncij/c60nht0/c60op0j/c60pe8v/c60qj4c/c60r3py/c60sl1p/c60syft/c60t60u/c60takt
1346318457|jayyx|A|z1c9z/c60mom8/c60ncij/c60nht0/c60op0j/c60pe8v/c60qj4c/c60r3py/c60sl1p/c60syft/c60t60u/c60vosh
1346337829|SimonCAlexander|A|z1c9z/c60mom8/c60ncij/c60nht0/c60op0j/c60pe8v/c60qj4c/c60r3py/c60sl1p/c60syft/c60t60u/c60ygbh
1346299903|conspiracy_thug|A|z1c9z/c60mom8/c60ncij/c60nht0/c60op0j/c60pe8v/c60qj4c/c60r3py/c60sl1p/c60syft/c60t60u
1346374259|bmorgy|A|z1c9z/c60mom8/c60ncij/c60nht0/c60op0j/c60pe8v/c60qj4c/c60r3py/c60sl1p/c60syft/c617x34
1346352580|bongoman1000|A|z1c9z/c60mom8/c60ncij/c60nht0/c60op0j/c60pe8v/c60qj4c/c60r3py/c60sl1p/c60syft/c612fp6
1346298916|Eal12333|A|z1c9z/c60mom8/c60ncij/c60nht0/c60op0j/c60pe8v/c60qj4c/c60r3py/c60sl1p/c60syft
1346352254|Tdaug1996|A|z1c9z/c60mom8/c60ncij/c60nht0/c60op0j/c60pe8v/c60qj4c/c60r3py/c60sl1p/c612chk
1346364252|Volv|A|z1c9z/c60mom8/c60ncij/c60nht0/c60op0j/c60pe8v/c60qj4c/c60r3py/c60sl1p/c615isa
1346544359|banksnld|A|z1c9z/c60mom8/c60ncij/c60nht0/c60op0j/c60pe8v/c60qj4c/c60r3py/c60sl1p/c61b5zi/c6244fy
1346610907|JaggedToaster12|A|z1c9z/c60mom8/c60ncij/c60nht0/c60op0j/c60pe8v/c60qj4c/c60r3py/c60sl1p/c61b5zi/c62fdt1
1346387846|dukedevil0812|A|z1c9z/c60mom8/c60ncij/c60nht0/c60op0j/c60pe8v/c60qj4c/c60r3py/c60sl1p/c61b5zi
1346394831|MikeTheBee|A|z1c9z/c60mom8/c60ncij/c60nht0/c60op0j/c60pe8v/c60qj4c/c60r3py/c60sl1p/c61che2
1346420201|PotatoesAreUs|A|z1c9z/c60mom8/c60ncij/c60nht0/c60op0j/c60pe8v/c60qj4c/c60r3py/c60sl1p/c61fogi
1346610921|JaggedToaster12|A|z1c9z/c60mom8/c60ncij/c60nht0/c60op0j/c60pe8v/c60qj4c/c60r3py/c60sl1p/c61g8uq/c62fdw6
1346422812|protienshakes|A|z1c9z/c60mom8/c60ncij/c60nht0/c60op0j/c60pe8v/c60qj4c/c60r3py/c60sl1p/c61g8uq
1346610944|JaggedToaster12|A|z1c9z/c60mom8/c60ncij/c60nht0/c60op0j/c60pe8v/c60qj4c/c60r3py/c60sl1p/c61iemi/c62fe2q
1346430884|aaron_hoff|A|z1c9z/c60mom8/c60ncij/c60nht0/c60op0j/c60pe8v/c60qj4c/c60r3py/c60sl1p/c61iemi
1346297123|Stenzy|A|z1c9z/c60mom8/c60ncij/c60nht0/c60op0j/c60pe8v/c60qj4c/c60r3py/c60sl1p
1346290673|vteckickedin|A|z1c9z/c60mom8/c60ncij/c60nht0/c60op0j/c60pe8v/c60qj4c/c60r3py
1346288197|dariusbatista|A|z1c9z/c60mom8/c60ncij/c60nht0/c60op0j/c60pe8v/c60qj4c
1346307121|AwesomeMcPants|A|z1c9z/c60mom8/c60ncij/c60nht0/c60op0j/c60pe8v/c60so72/c60ucgr
1346297553|amin456789|A|z1c9z/c60mom8/c60ncij/c60nht0/c60op0j/c60pe8v/c60so72
1346282918|anonymous123421|A|z1c9z/c60mom8/c60ncij/c60nht0/c60op0j/c60pe8v
1346282204|onedrummer2401|A|z1c9z/c60mom8/c60ncij/c60nht0/c60op0j/c60p8ft
1346285145|itsmoist|A|z1c9z/c60mom8/c60ncij/c60nht0/c60op0j/c60pwtp
1346279674|Baou|A|z1c9z/c60mom8/c60ncij/c60nht0/c60op0j
1346280568|unusuallysuspect|A|z1c9z/c60mom8/c60ncij/c60nht0/c60ovk9
1346280030|plopliar|A|z1c9z/c60mom8/c60ncij/c60nht0/c60os22
1346337605|undergroundmonorail|A|z1c9z/c60mom8/c60ncij/c60nht0/c60yeez
1346273631|j0llee|A|z1c9z/c60mom8/c60ncij/c60nht0
1346292457|IsThisWhereANameGoes|A|z1c9z/c60mom8/c60ncij/c60neuv/c60oih2/c60rihn
1346278908|Ryan_Firecrotch|A|z1c9z/c60mom8/c60ncij/c60neuv/c60oih2
1346285068|Awesomeninja2772|A|z1c9z/c60mom8/c60ncij/c60neuv/c60pw7f
1346273250|emq11|A|z1c9z/c60mom8/c60ncij/c60neuv
1346280381|bilbobangs|A|z1c9z/c60mom8/c60ncij/c60ni2g/c60ougj
1346301615|ICantSeeIt|A|z1c9z/c60mom8/c60ncij/c60ni2g/c60pjpg/c60tfse
1346283584|4horsepeople|A|z1c9z/c60mom8/c60ncij/c60ni2g/c60pjpg
1346291945|dnj|A|z1c9z/c60mom8/c60ncij/c60ni2g/c60rebs
1346273667|silent1mezzo|A|z1c9z/c60mom8/c60ncij/c60ni2g
1346273633|nklotz|A|z1c9z/c60mom8/c60ncij/c60nhtg
1346272974|PresidentObama|A|z1c9z/c60mom8/c60ncij
1346271413|tuxdreamerx|A|z1c9z/c60mom8/c60mr7l/c60muc0
1346271167|Door_Knob|A|z1c9z/c60mom8/c60mr7l
1346271070|lotictrance|A|z1c9z/c60mom8/c60mq2d
1346270940|silent1mezzo|A|z1c9z/c60mom8
1346297690|burnone2|A|z1c9z/c60sp8j
1346344290|Spooky64|A|z1c9z/c60mmrv/c60yipg/c6105f9
1346338112|TreeUsesReddit|A|z1c9z/c60mmrv/c60yipg
1346270769|Spooky64|A|z1c9z/c60mmrv
1346271751|fnmeng|A|z1c9z/c60mmll/c60mype
1346270753|Drunken_Economist|A|z1c9z/c60mmll
1346384386|CampinCarl|A|z1c9z/c60o22y/c60rfq3/c61adc3
1346292119|goodBEan|A|z1c9z/c60o22y/c60rfq3
1346296940|brochak|A|z1c9z/c60o22y/c60sjm0
1346276862|dougie1107|A|z1c9z/c60o22y
1346360368|Nebraska_Actually|A|z1c9z/c60njqd/c60ntjt/c60qyyu/c60ydok/c614jru
1346337523|ChrisQF|A|z1c9z/c60njqd/c60ntjt/c60qyyu/c60ydok
1346290109|Phydeaux|A|z1c9z/c60njqd/c60ntjt/c60qyyu
1346369240|Oswald_McFeff|A|z1c9z/c60njqd/c60ntjt/c60q8pi/c60wt4m/c616po5
1346328955|jimmy17|A|z1c9z/c60njqd/c60ntjt/c60q8pi/c60wt4m
1346383340|Aberax|A|z1c9z/c60njqd/c60ntjt/c60q8pi/c60ur8m/c60wyxt/c60y5d5/c60z2bs/c60z754/c60z8om/c60zdw6/c61a490
1346341356|historicalhobbyist|A|z1c9z/c60njqd/c60ntjt/c60q8pi/c60ur8m/c60wyxt/c60y5d5/c60z2bs/c60z754/c60z8om/c60zdw6
1346340809|FrisianDude|A|z1c9z/c60njqd/c60ntjt/c60q8pi/c60ur8m/c60wyxt/c60y5d5/c60z2bs/c60z754/c60z8om
1346340659|historicalhobbyist|A|z1c9z/c60njqd/c60ntjt/c60q8pi/c60ur8m/c60wyxt/c60y5d5/c60z2bs/c60z754
1346340181|FrisianDude|A|z1c9z/c60njqd/c60ntjt/c60q8pi/c60ur8m/c60wyxt/c60y5d5/c60z2bs
1346336468|historicalhobbyist|A|z1c9z/c60njqd/c60ntjt/c60q8pi/c60ur8m/c60wyxt/c60y5d5
1346330019|FrisianDude|A|z1c9z/c60njqd/c60ntjt/c60q8pi/c60ur8m/c60wyxt
1346310076|historicalhobbyist|A|z1c9z/c60njqd/c60ntjt/c60q8pi/c60ur8m
1346286844|bob_newman|A|z1c9z/c60njqd/c60ntjt/c60q8pi
1346289545|FrozenYoghurt|A|z1c9z/c60njqd/c60ntjt/c60qu9z
1346275192|empireofnyy|A|z1c9z/c60njqd/c60ntjt
1346370085|mr3dguy|A|z1c9z/c60njqd/c60vjmk/c616xae
1346316944|curly123|A|z1c9z/c60njqd/c60vjmk
1346301914|Beatlemaniacjng98|A|z1c9z/c60njqd/c60nr2s/c60thhy
1346274853|MaxIsAlwaysRight|A|z1c9z/c60njqd/c60nr2s
1346332685|Phantoom|A|z1c9z/c60njqd/c60nwk6/c60xeyz
1346276046|TheDabbyDabby|A|z1c9z/c60njqd/c60nwk6
1346314989|Apathetic_Superhero|A|z1c9z/c60njqd/c60o7jz/c60vcfa
1346277562|IchthyoidPhalanges|A|z1c9z/c60njqd/c60o7jz
1346369206|fleetber|A|z1c9z/c60njqd/c60nqjp/c60r26a/c616pdl
1346290482|[deleted]|A|z1c9z/c60njqd/c60nqjp/c60r26a
1346274779|Krall12|A|z1c9z/c60njqd/c60nqjp
1346283192|WhyNotBarbershop|A|z1c9z/c60njqd/c60pgj2
1346273892|Shitty_Watercolour|A|z1c9z/c60njqd
1346331109|NotTooDistantFuture|A|z1c9z/c60moxx/c60x50n
1346270969|the_schizoid_man|A|z1c9z/c60moxx
1346306276|n3when|A|z1c9z/c60mq2f/c60o0m3/c60rwl5/c60u7su
1346359681|elbruce|A|z1c9z/c60mq2f/c60o0m3/c60rwl5/c614czs
1346294131|circulate|A|z1c9z/c60mq2f/c60o0m3/c60rwl5
1346276670|aggie1391|A|z1c9z/c60mq2f/c60o0m3
1346283407|LulzDog|A|z1c9z/c60mq2f/c60pi7t
1346271071|sheabd01|A|z1c9z/c60mq2f
1346297294|Reaper91394|A|z1c9z/c60mqjo/c60sma8
1346271109|Orion584|A|z1c9z/c60mqjo
1346273253|CDUBZZZZ|A|z1c9z/c60mmjg/c60mtvx/c60nevx
1346271378|wtfusernametaken|A|z1c9z/c60mmjg/c60mtvx
1346272897|XSSpants|A|z1c9z/c60mmjg/c60nbua
1346270747|rvaen|A|z1c9z/c60mmjg
1346276694|strothgar|A|z1c9z/c60moyh/c60o0sq
1346277437|jeremyfrankly|A|z1c9z/c60moyh/c60o6kg
1346277055|hungrymutherfucker|A|z1c9z/c60moyh/c60o3jb
1346279133|MepMepperson|A|z1c9z/c60moyh/c60okfz
1346270970|dothefandango|A|z1c9z/c60moyh
1346270496|PresidentObama|A|z1c9z
